Flow report for projeto2
Tue Dec 13 21:22:57 2016
Quartus II Version 9.1 Build 350 03/24/2010 Service Pack 2 SJ Web Edition


---------------------
; Table of Contents ;
---------------------
  1. Legal Notice
  2. Flow Summary
  3. Flow Settings
  4. Flow Non-Default Global Settings
  5. Flow Elapsed Time
  6. Flow OS Summary
  7. Flow Log



----------------
; Legal Notice ;
----------------
Copyright (C) 1991-2010 Altera Corporation
Your use of Altera Corporation's design tools, logic functions 
and other software and tools, and its AMPP partner logic 
functions, and any output files from any of the foregoing 
(including device programming or simulation files), and any 
associated documentation or information are expressly subject 
to the terms and conditions of the Altera Program License 
Subscription Agreement, Altera MegaCore Function License 
Agreement, or other applicable license agreement, including, 
without limitation, that your use is for the sole purpose of 
programming logic devices manufactured by Altera and sold by 
Altera or its authorized distributors.  Please refer to the 
applicable agreement for further details.



+------------------------------------------------------------------------------+
; Flow Summary                                                                 ;
+-------------------------------+----------------------------------------------+
; Flow Status                   ; Successful - Tue Dec 13 21:22:57 2016        ;
; Quartus II Version            ; 9.1 Build 350 03/24/2010 SP 2 SJ Web Edition ;
; Revision Name                 ; projeto2                                     ;
; Top-level Entity Name         ; cpu                                          ;
; Family                        ; Stratix II                                   ;
; Met timing requirements       ; Yes                                          ;
; Logic utilization             ; < 1 %                                        ;
;     Combinational ALUTs       ; 14 / 12,480 ( < 1 % )                        ;
;     Dedicated logic registers ; 11 / 12,480 ( < 1 % )                        ;
; Total registers               ; 11                                           ;
; Total pins                    ; 41 / 343 ( 12 % )                            ;
; Total virtual pins            ; 0                                            ;
; Total block memory bits       ; 0 / 419,328 ( 0 % )                          ;
; DSP block 9-bit elements      ; 0 / 96 ( 0 % )                               ;
; Total PLLs                    ; 0 / 6 ( 0 % )                                ;
; Total DLLs                    ; 0 / 2 ( 0 % )                                ;
; Device                        ; EP2S15F484C3                                 ;
; Timing Models                 ; Final                                        ;
+-------------------------------+----------------------------------------------+


+-----------------------------------------+
; Flow Settings                           ;
+-------------------+---------------------+
; Option            ; Setting             ;
+-------------------+---------------------+
; Start date & time ; 12/13/2016 21:22:43 ;
; Main task         ; Compilation         ;
; Revision Name     ; projeto2            ;
+-------------------+---------------------+


+--------------------------------------------------------------------------------------------------------------------+
; Flow Non-Default Global Settings                                                                                   ;
+------------------------------------+--------------------------------+---------------+-------------+----------------+
; Assignment Name                    ; Value                          ; Default Value ; Entity Name ; Section Id     ;
+------------------------------------+--------------------------------+---------------+-------------+----------------+
; COMPILER_SIGNATURE_ID              ; 17727280413386.148167496313080 ; --            ; --          ; --             ;
; PARTITION_COLOR                    ; 16764057                       ; --            ; cpu         ; Top            ;
; PARTITION_NETLIST_TYPE             ; SOURCE                         ; --            ; cpu         ; Top            ;
; TOP_LEVEL_ENTITY                   ; cpu                            ; projeto2      ; --          ; --             ;
; USE_GENERATED_PHYSICAL_CONSTRAINTS ; Off                            ; --            ; --          ; eda_blast_fpga ;
+------------------------------------+--------------------------------+---------------+-------------+----------------+


+-----------------------------------------------------------------------------------------------------------------------------+
; Flow Elapsed Time                                                                                                           ;
+-------------------------+--------------+-------------------------+---------------------+------------------------------------+
; Module Name             ; Elapsed Time ; Average Processors Used ; Peak Virtual Memory ; Total CPU Time (on all processors) ;
+-------------------------+--------------+-------------------------+---------------------+------------------------------------+
; Analysis & Synthesis    ; 00:00:02     ; 1.0                     ; 217 MB              ; 00:00:01                           ;
; Fitter                  ; 00:00:07     ; 3.2                     ; 323 MB              ; 00:00:05                           ;
; Assembler               ; 00:00:03     ; 1.0                     ; 235 MB              ; 00:00:02                           ;
; Classic Timing Analyzer ; 00:00:01     ; 1.0                     ; 164 MB              ; 00:00:00                           ;
; Total                   ; 00:00:13     ; --                      ; --                  ; 00:00:08                           ;
+-------------------------+--------------+-------------------------+---------------------+------------------------------------+


+------------------------------------------------------------------------------------------+
; Flow OS Summary                                                                          ;
+-------------------------+------------------+---------------+------------+----------------+
; Module Name             ; Machine Hostname ; OS Name       ; OS Version ; Processor type ;
+-------------------------+------------------+---------------+------------+----------------+
; Analysis & Synthesis    ; G3C48            ; Windows Vista ; 6.1        ; x86_64         ;
; Fitter                  ; G3C48            ; Windows Vista ; 6.1        ; x86_64         ;
; Assembler               ; G3C48            ; Windows Vista ; 6.1        ; x86_64         ;
; Classic Timing Analyzer ; G3C48            ; Windows Vista ; 6.1        ; x86_64         ;
+-------------------------+------------------+---------------+------------+----------------+


------------
; Flow Log ;
------------
quartus_map --read_settings_files=on --write_settings_files=off projeto2 -c projeto2
quartus_fit --read_settings_files=off --write_settings_files=off projeto2 -c projeto2
quartus_asm --read_settings_files=off --write_settings_files=off projeto2 -c projeto2
quartus_tan --read_settings_files=off --write_settings_files=off projeto2 -c projeto2 --timing_analysis_only



